<?xml version="1.0" encoding="UTF-8"?>
<!-- Generated by org.testng.reporters.JUnitReportReporter -->
<testsuite hostname="LAPTOP-RVKJ6BBN" failures="0" tests="1" name="testscript.AdminManageProductsTest" time="7.954" errors="0" timestamp="2024-12-11T21:58:08 IST" skipped="0">
  <testcase classname="testscript.AdminManageProductsTest" name="verifyUserIsAbleToCreateNewProduct" time="7.954"/>
</testsuite> <!-- testscript.AdminManageProductsTest -->
