<?xml version="1.0" encoding="UTF-8"?>
<!-- Generated by org.testng.reporters.JUnitReportReporter -->
<testsuite hostname="LAPTOP-RVKJ6BBN" failures="0" tests="1" name="testscript.ManageFooterTextTest" time="6.562" errors="0" timestamp="2024-12-04T22:15:54 IST" skipped="0">
  <testcase classname="testscript.ManageFooterTextTest" name="verifyUserIsAbleToUpdateFooterPage" time="6.562"/>
</testsuite> <!-- testscript.ManageFooterTextTest -->
