<?xml version="1.0" encoding="UTF-8"?>
<!-- Generated by org.testng.reporters.JUnitReportReporter -->
<testsuite hostname="LAPTOP-RVKJ6BBN" failures="0" tests="1" name="testscript.ManageContactTest" time="8.842" errors="0" timestamp="2024-12-11T21:22:57 IST" skipped="0">
  <testcase classname="testscript.ManageContactTest" name="checkWheatherUpdateButtonIsPresent" time="8.842"/>
</testsuite> <!-- testscript.ManageContactTest -->
