<?xml version="1.0" encoding="UTF-8"?>
<!-- Generated by org.testng.reporters.JUnitReportReporter -->
<testsuite hostname="LAPTOP-RVKJ6BBN" failures="0" tests="1" name="testscript.SubCategoryTest" time="8.314" errors="0" timestamp="2024-12-04T16:08:05 IST" skipped="0">
  <testcase classname="testscript.SubCategoryTest" name="verifyUserIsAbleToCreateSubCategory" time="8.314"/>
</testsuite> <!-- testscript.SubCategoryTest -->
