<?xml version="1.0" encoding="UTF-8"?>
<!-- Generated by org.testng.reporters.JUnitReportReporter -->
<testsuite hostname="LAPTOP-RVKJ6BBN" failures="0" tests="1" name="testscript.AdminTest" time="10.754" errors="0" timestamp="2024-12-05T00:57:15 IST" skipped="0">
  <testcase classname="testscript.AdminTest" name="verifyTheUserIsAbleToUpdate" time="10.754"/>
</testsuite> <!-- testscript.AdminTest -->
