<?xml version="1.0" encoding="UTF-8"?>
<!-- Generated by org.testng.reporters.JUnitReportReporter -->
<testsuite hostname="LAPTOP-RVKJ6BBN" failures="0" tests="3" name="testscript.Logintest" time="14.929" errors="0" timestamp="2024-11-14T11:35:22 IST" skipped="0">
  <testcase classname="testscript.Logintest" name="VerifyTheUserIsAbleToLogInUsingValidCredentials" time="4.762"/>
  <testcase classname="testscript.Logintest" name="VerifyTheUserIsAbleToLogInUsingInvalidUsername" time="6.151"/>
  <testcase classname="testscript.Logintest" name="VerifyTheUserIsAbleToLogInUsingInvalidPassword" time="4.016"/>
</testsuite> <!-- testscript.Logintest -->
