<?xml version="1.0" encoding="UTF-8"?>
<!-- Generated by org.testng.reporters.JUnitReportReporter -->
<testsuite hostname="LAPTOP-RVKJ6BBN" failures="0" tests="1" name="testscript.LoginTest" time="5.505" errors="0" timestamp="2024-12-05T10:50:07 IST" skipped="0">
  <testcase classname="testscript.LoginTest" name="verifyTheUserIsAbleToLogInUsingInvalidUsernameAndPassword" time="5.505"/>
</testsuite> <!-- testscript.LoginTest -->
