<?xml version="1.0" encoding="UTF-8"?>
<!-- Generated by org.testng.reporters.JUnitReportReporter -->
<testsuite hostname="LAPTOP-RVKJ6BBN" failures="0" tests="1" name="testscript.Login" time="6.237" errors="0" timestamp="2024-11-11T12:07:32 IST" skipped="0">
  <testcase classname="testscript.Login" name="loginTest" time="6.237"/>
</testsuite> <!-- testscript.Login -->
