<?xml version="1.0" encoding="UTF-8"?>
<!-- Generated by org.testng.reporters.JUnitReportReporter -->
<testsuite hostname="LAPTOP-RVKJ6BBN" failures="0" tests="1" name="testscript.AdminManageProductsTest" time="11.309" errors="0" timestamp="2024-12-05T00:52:41 IST" skipped="0">
  <testcase classname="testscript.AdminManageProductsTest" name="verifyUserIsAbleToCreateNewProduct" time="11.309"/>
</testsuite> <!-- testscript.AdminManageProductsTest -->
