<?xml version="1.0" encoding="UTF-8"?>
<!-- Generated by org.testng.reporters.JUnitReportReporter -->
<testsuite hostname="LAPTOP-RVKJ6BBN" failures="0" tests="1" name="testscript.HomeTest" time="4.739" errors="0" timestamp="2024-12-11T21:39:08 IST" skipped="0">
  <testcase classname="testscript.HomeTest" name="verifyUserIsAbleToLogout" time="4.739"/>
</testsuite> <!-- testscript.HomeTest -->
