<?xml version="1.0" encoding="UTF-8"?>
<!-- Generated by org.testng.reporters.JUnitReportReporter -->
<testsuite hostname="LAPTOP-RVKJ6BBN" failures="0" tests="1" name="testscript.AdminManageNewsTest" time="13.039" errors="0" timestamp="2024-12-04T15:52:29 IST" skipped="0">
  <testcase classname="testscript.AdminManageNewsTest" name="verifyUserIsAbleToDeleteNews" time="13.039"/>
</testsuite> <!-- testscript.AdminManageNewsTest -->
