<?xml version="1.0" encoding="UTF-8"?>
<!-- Generated by org.testng.reporters.JUnitReportReporter -->
<testsuite hostname="LAPTOP-RVKJ6BBN" failures="0" tests="2" name="testscript.LoginTest" time="18.054" errors="0" timestamp="2024-12-06T21:43:34 IST" skipped="0">
  <testcase classname="testscript.LoginTest" name="verifyTheUserIsAbleToLogInUsingInvalidPassword" time="7.487"/>
  <testcase classname="testscript.LoginTest" name="verifyTheUserIsAbleToLogInUsingValidCredentials" time="10.567"/>
</testsuite> <!-- testscript.LoginTest -->
