<?xml version="1.0" encoding="UTF-8"?>
<!-- Generated by org.testng.reporters.JUnitReportReporter -->
<testsuite hostname="LAPTOP-RVKJ6BBN" failures="0" tests="2" name="testscript.ManageFooterTextTest" time="13.605" errors="0" timestamp="2024-12-11T21:34:55 IST" skipped="0">
  <testcase classname="testscript.ManageFooterTextTest" name="isUpdateDisplayed" time="8.871"/>
  <testcase classname="testscript.ManageFooterTextTest" name="verifyUserIsAbleToUpdateFooterPage" time="4.734"/>
</testsuite> <!-- testscript.ManageFooterTextTest -->
