<?xml version="1.0" encoding="UTF-8"?>
<!-- Generated by org.testng.reporters.JUnitReportReporter -->
<testsuite hostname="LAPTOP-RVKJ6BBN" failures="0" tests="2" name="testscript.ManageFootetTextTest" time="9.855" errors="0" timestamp="2024-12-04T15:12:16 IST" skipped="0">
  <testcase classname="testscript.ManageFootetTextTest" name="isUpdateDisplayed" time="4.758"/>
  <testcase classname="testscript.ManageFootetTextTest" name="verifyUserIsAbleToUpdateFooterPage" time="5.097"/>
</testsuite> <!-- testscript.ManageFootetTextTest -->
