<?xml version="1.0" encoding="UTF-8"?>
<!-- Generated by org.testng.reporters.JUnitReportReporter -->
<testsuite hostname="LAPTOP-RVKJ6BBN" failures="0" tests="1" name="testscript.ManageContactTest" time="9.855" errors="0" timestamp="2024-12-05T01:25:55 IST" skipped="0">
  <testcase classname="testscript.ManageContactTest" name="userIsAbleToUpdateContact" time="9.855"/>
</testsuite> <!-- testscript.ManageContactTest -->
